iteration=0
results=[array([0.        , 0.00160784, 0.01101223, 0.02376908, 0.03916761,
       0.05919845, 0.08244545, 0.10642876, 0.12769569, 0.15030388,
       0.17038156, 0.19033873, 0.20964751, 0.22795796, 0.24622219,
       0.26353468, 0.28096444, 0.2976925 , 0.31394074, 0.33037168,
       0.34556462, 0.36184467, 0.37647674, 0.39183779, 0.40666832,
       0.4205877 , 0.43564194, 0.44948976, 0.46300191, 0.47728902,
       0.49052352, 0.50351023, 0.5177276 , 0.53122558, 0.54402624,
       0.55777666, 0.57119311, 0.58442076, 0.59761777, 0.61154911,
       0.62533552, 0.63876866, 0.651961  , 0.66621855, 0.68047925,
       0.6949071 , 0.70963116, 0.72500824, 0.74096012, 0.75740602]), array([    0.        ,  -619.71937557,  -643.38573777,  -668.98562344,
        -701.38326643,  -740.18044454,  -784.57575859,  -830.37082803,
        -864.87300957,  -898.89436385,  -936.28429598,  -967.77705056,
        -994.19129038, -1023.00041349, -1050.9811099 , -1074.98422637,
       -1095.98428875, -1117.99590814, -1140.98737502, -1159.9961121 ,
       -1177.00049741, -1192.98859692, -1209.98725423, -1225.99612781,
       -1239.99686394, -1252.99378324, -1263.99313944, -1275.99338218,
       -1287.99294425, -1298.99432725, -1307.99943975, -1317.00051643,
       -1325.00022385, -1332.99470853, -1340.99658942, -1347.99676067,
       -1353.99700411, -1359.99711128, -1364.99985994, -1369.99695677,
       -1373.99915966, -1378.99903943, -1382.99952085, -1386.99850393,
       -1389.99974793, -1392.99898526, -1394.99968572, -1396.99928614,
       -1398.99910408, -1399.99946105])]
time=[0.0, 0.018367328571428573, 0.03673465714285715, 0.05510198571428572, 0.0734693142857143, 0.09183664285714287, 0.11020397142857144, 0.1285713, 0.1469386285714286, 0.16530595714285717, 0.18367328571428573, 0.2020406142857143, 0.22040794285714288, 0.23877527142857147, 0.2571426, 0.2755099285714286, 0.2938772571428572, 0.31224458571428576, 0.33061191428571435, 0.3489792428571429, 0.36734657142857147, 0.38571390000000005, 0.4040812285714286, 0.4224485571428572, 0.44081588571428576, 0.45918321428571435, 0.47755054285714293, 0.49591787142857147, 0.5142852, 0.5326525285714286, 0.5510198571428572, 0.5693871857142858, 0.5877545142857143, 0.6061218428571429, 0.6244891714285715, 0.6428565, 0.6612238285714287, 0.6795911571428572, 0.6979584857142858, 0.7163258142857144, 0.7346931428571429, 0.7530604714285715, 0.7714278000000001, 0.7897951285714286, 0.8081624571428572, 0.8265297857142858, 0.8448971142857143, 0.863264442857143, 0.8816317714285715, 0.8999991]
